<?xml version="1.0" encoding="UTF-8"?>
<testng-results ignored="0" total="1" passed="1" failed="0" skipped="0">
  <reporter-output>
  </reporter-output>
  <suite started-at="2025-06-11T12:55:02 IST" name="Default suite" finished-at="2025-06-11T12:55:04 IST" duration-ms="2828">
    <groups>
    </groups>
    <test started-at="2025-06-11T12:55:02 IST" name="Default test" finished-at="2025-06-11T12:55:04 IST" duration-ms="2828">
      <class name="Authorization.BearerTokenAuthorization">
        <test-method signature="Bearer_Auth()[pri:0, instance:Authorization.BearerTokenAuthorization@7ec7ffd3]" started-at="2025-06-11T12:55:02 IST" name="Bearer_Auth" finished-at="2025-06-11T12:55:04 IST" duration-ms="2752" status="PASS">
          <reporter-output>
          </reporter-output>
        </test-method> <!-- Bearer_Auth -->
      </class> <!-- Authorization.BearerTokenAuthorization -->
    </test> <!-- Default test -->
  </suite> <!-- Default suite -->
</testng-results>
