<?xml version="1.0" encoding="UTF-8"?>
<testng-results ignored="0" total="1" passed="1" failed="0" skipped="0">
  <reporter-output>
  </reporter-output>
  <suite started-at="2025-05-27T12:00:58 IST" name="Default suite" finished-at="2025-05-27T12:00:58 IST" duration-ms="95">
    <groups>
    </groups>
    <test started-at="2025-05-27T12:00:58 IST" name="Default test" finished-at="2025-05-27T12:00:58 IST" duration-ms="95">
      <class name="mymavenProject.MVN_02_TestNGClass">
        <test-method is-config="true" signature="beforeTest()[pri:0, instance:mymavenProject.MVN_02_TestNGClass@6caf0677]" started-at="2025-05-27T12:00:58 IST" name="beforeTest" finished-at="2025-05-27T12:00:58 IST" duration-ms="15" status="PASS">
          <reporter-output>
          </reporter-output>
        </test-method> <!-- beforeTest -->
        <test-method is-config="true" signature="beforeMethod()[pri:0, instance:mymavenProject.MVN_02_TestNGClass@6caf0677]" started-at="2025-05-27T12:00:58 IST" name="beforeMethod" finished-at="2025-05-27T12:00:58 IST" duration-ms="1" status="PASS">
          <reporter-output>
          </reporter-output>
        </test-method> <!-- beforeMethod -->
        <test-method signature="testA()[pri:0, instance:mymavenProject.MVN_02_TestNGClass@6caf0677]" started-at="2025-05-27T12:00:58 IST" name="testA" finished-at="2025-05-27T12:00:58 IST" duration-ms="9" status="PASS">
          <reporter-output>
          </reporter-output>
        </test-method> <!-- testA -->
        <test-method is-config="true" signature="afterMethod()[pri:0, instance:mymavenProject.MVN_02_TestNGClass@6caf0677]" started-at="2025-05-27T12:00:58 IST" name="afterMethod" finished-at="2025-05-27T12:00:58 IST" duration-ms="1" status="PASS">
          <reporter-output>
          </reporter-output>
        </test-method> <!-- afterMethod -->
        <test-method is-config="true" signature="afterTest()[pri:0, instance:mymavenProject.MVN_02_TestNGClass@6caf0677]" started-at="2025-05-27T12:00:58 IST" name="afterTest" finished-at="2025-05-27T12:00:58 IST" duration-ms="1" status="PASS">
          <reporter-output>
          </reporter-output>
        </test-method> <!-- afterTest -->
      </class> <!-- mymavenProject.MVN_02_TestNGClass -->
    </test> <!-- Default test -->
  </suite> <!-- Default suite -->
</testng-results>
