<?xml version="1.0" encoding="UTF-8"?>
<!-- Generated by org.testng.reporters.JUnitXMLReporter -->
<testsuite ignored="2" hostname="DESKTOP-H41JRIE" failures="0" tests="1" name="Default test" time="2.262" errors="0" timestamp="2025-06-10T12:10:33 IST">
  <testcase classname="httpMethodsBDD.Headers_Cookies_QueryParameter" name="headersTest" time="2.204"/>
  <testcase classname="httpMethodsBDD.Headers_Cookies_QueryParameter" name="cookiesTest" time="0.0">
    <ignored/>
  </testcase> <!-- cookiesTest -->
  <testcase classname="httpMethodsBDD.Headers_Cookies_QueryParameter" name="queryParameterTest" time="0.0">
    <ignored/>
  </testcase> <!-- queryParameterTest -->
</testsuite> <!-- Default test -->
