<?xml version="1.0" encoding="UTF-8"?>
<!-- Generated by org.testng.reporters.JUnitXMLReporter -->
<testsuite ignored="0" hostname="DESKTOP-H41JRIE" failures="0" tests="2" name="Default test" time="0.356" errors="0" timestamp="2025-06-12T11:51:32 IST">
  <testcase classname="httpMethodsBDD.Serialization_deSerialization_RestAssured" name="deSerializationTest" time="0.268"/>
  <testcase classname="httpMethodsBDD.Serialization_deSerialization_RestAssured" name="serializationTest" time="0.025"/>
</testsuite> <!-- Default test -->
