<?xml version="1.0" encoding="UTF-8"?>
<!-- Generated by org.testng.reporters.JUnitXMLReporter -->
<testsuite ignored="0" hostname="DESKTOP-H41JRIE" failures="0" tests="4" name="Parallel Execution" time="22.584" errors="0" timestamp="2025-05-22T11:42:40 IST">
  <testcase classname="com.testNG.TNG_10_Scripts_For_ParallelExecution" name="openAmazon" time="5.536"/>
  <testcase classname="com.testNG.TNG_10_Scripts_For_ParallelExecution" name="OpenFaceBook" time="4.207"/>
  <testcase classname="com.testNG.TNG_10_Scripts_For_ParallelExecution" name="OpenMyntra" time="7.553"/>
  <testcase classname="com.testNG.TNG_10_Scripts_For_ParallelExecution" name="OpenGoogle" time="5.233"/>
</testsuite> <!-- Parallel Execution -->
