<?xml version="1.0" encoding="UTF-8"?>
<testng-results ignored="0" total="6" passed="6" failed="0" skipped="0">
  <reporter-output>
  </reporter-output>
  <suite started-at="2025-06-16T12:19:09 IST" name="Default suite" finished-at="2025-06-16T12:19:10 IST" duration-ms="1148">
    <groups>
    </groups>
    <test started-at="2025-06-16T12:19:09 IST" name="Default test" finished-at="2025-06-16T12:19:10 IST" duration-ms="1148">
      <class name="com.DataDriverUsingExcel_POI.CreateLoginData">
        <test-method is-config="true" signature="beforeTest()[pri:0, instance:com.DataDriverUsingExcel_POI.CreateLoginData@79e2c065]" started-at="2025-06-16T12:19:09 IST" name="beforeTest" finished-at="2025-06-16T12:19:10 IST" duration-ms="761" status="PASS">
          <reporter-output>
          </reporter-output>
        </test-method> <!-- beforeTest -->
        <test-method signature="setLoginData(java.lang.String,java.lang.String,java.lang.String)[pri:0, instance:com.DataDriverUsingExcel_POI.CreateLoginData@79e2c065]" started-at="2025-06-16T12:19:10 IST" name="setLoginData" data-provider="getLoginData" finished-at="2025-06-16T12:19:10 IST" duration-ms="47" status="PASS">
          <params>
            <param index="0">
              <value>
                <![CDATA[UserName]]>
              </value>
            </param>
            <param index="1">
              <value>
                <![CDATA[Password]]>
              </value>
            </param>
            <param index="2">
              <value>
                <![CDATA[Flag]]>
              </value>
            </param>
          </params>
          <reporter-output>
          </reporter-output>
        </test-method> <!-- setLoginData -->
        <test-method signature="setLoginData(java.lang.String,java.lang.String,java.lang.String)[pri:0, instance:com.DataDriverUsingExcel_POI.CreateLoginData@79e2c065]" started-at="2025-06-16T12:19:10 IST" name="setLoginData" data-provider="getLoginData" finished-at="2025-06-16T12:19:10 IST" duration-ms="6" status="PASS">
          <params>
            <param index="0">
              <value>
                <![CDATA[Deepak]]>
              </value>
            </param>
            <param index="1">
              <value>
                <![CDATA[Paratkar]]>
              </value>
            </param>
            <param index="2">
              <value>
                <![CDATA[true]]>
              </value>
            </param>
          </params>
          <reporter-output>
          </reporter-output>
        </test-method> <!-- setLoginData -->
        <test-method signature="setLoginData(java.lang.String,java.lang.String,java.lang.String)[pri:0, instance:com.DataDriverUsingExcel_POI.CreateLoginData@79e2c065]" started-at="2025-06-16T12:19:10 IST" name="setLoginData" data-provider="getLoginData" finished-at="2025-06-16T12:19:10 IST" duration-ms="14" status="PASS">
          <params>
            <param index="0">
              <value>
                <![CDATA[Pratik]]>
              </value>
            </param>
            <param index="1">
              <value>
                <![CDATA[Patni]]>
              </value>
            </param>
            <param index="2">
              <value>
                <![CDATA[false]]>
              </value>
            </param>
          </params>
          <reporter-output>
          </reporter-output>
        </test-method> <!-- setLoginData -->
        <test-method signature="setLoginData(java.lang.String,java.lang.String,java.lang.String)[pri:0, instance:com.DataDriverUsingExcel_POI.CreateLoginData@79e2c065]" started-at="2025-06-16T12:19:10 IST" name="setLoginData" data-provider="getLoginData" finished-at="2025-06-16T12:19:10 IST" duration-ms="7" status="PASS">
          <params>
            <param index="0">
              <value>
                <![CDATA[Soumya]]>
              </value>
            </param>
            <param index="1">
              <value>
                <![CDATA[tiwari]]>
              </value>
            </param>
            <param index="2">
              <value>
                <![CDATA[true]]>
              </value>
            </param>
          </params>
          <reporter-output>
          </reporter-output>
        </test-method> <!-- setLoginData -->
        <test-method signature="setLoginData(java.lang.String,java.lang.String,java.lang.String)[pri:0, instance:com.DataDriverUsingExcel_POI.CreateLoginData@79e2c065]" started-at="2025-06-16T12:19:10 IST" name="setLoginData" data-provider="getLoginData" finished-at="2025-06-16T12:19:10 IST" duration-ms="11" status="PASS">
          <params>
            <param index="0">
              <value>
                <![CDATA[Rohit]]>
              </value>
            </param>
            <param index="1">
              <value>
                <![CDATA[Yadav]]>
              </value>
            </param>
            <param index="2">
              <value>
                <![CDATA[False]]>
              </value>
            </param>
          </params>
          <reporter-output>
          </reporter-output>
        </test-method> <!-- setLoginData -->
        <test-method signature="setLoginData(java.lang.String,java.lang.String,java.lang.String)[pri:0, instance:com.DataDriverUsingExcel_POI.CreateLoginData@79e2c065]" started-at="2025-06-16T12:19:10 IST" name="setLoginData" data-provider="getLoginData" finished-at="2025-06-16T12:19:10 IST" duration-ms="6" status="PASS">
          <params>
            <param index="0">
              <value>
                <![CDATA[John]]>
              </value>
            </param>
            <param index="1">
              <value>
                <![CDATA[Mathew]]>
              </value>
            </param>
            <param index="2">
              <value>
                <![CDATA[true]]>
              </value>
            </param>
          </params>
          <reporter-output>
          </reporter-output>
        </test-method> <!-- setLoginData -->
        <test-method is-config="true" signature="afterTest()[pri:0, instance:com.DataDriverUsingExcel_POI.CreateLoginData@79e2c065]" started-at="2025-06-16T12:19:10 IST" name="afterTest" finished-at="2025-06-16T12:19:10 IST" duration-ms="233" status="PASS">
          <reporter-output>
          </reporter-output>
        </test-method> <!-- afterTest -->
      </class> <!-- com.DataDriverUsingExcel_POI.CreateLoginData -->
    </test> <!-- Default test -->
  </suite> <!-- Default suite -->
</testng-results>
