<?xml version="1.0" encoding="UTF-8"?>
<testng-results ignored="0" total="1" passed="1" failed="0" skipped="0">
  <reporter-output>
  </reporter-output>
  <suite started-at="2025-05-26T11:19:37 IST" name="Default suite" finished-at="2025-05-26T11:19:50 IST" duration-ms="13298">
    <groups>
    </groups>
    <test started-at="2025-05-26T11:19:37 IST" name="Default test" finished-at="2025-05-26T11:19:50 IST" duration-ms="13298">
      <class name="com.Assignments.AS_28">
        <test-method is-config="true" signature="beforeTest()[pri:0, instance:com.Assignments.AS_28@4fb3ee4e]" started-at="2025-05-26T11:19:37 IST" name="beforeTest" finished-at="2025-05-26T11:19:37 IST" duration-ms="801" status="PASS">
          <reporter-output>
          </reporter-output>
        </test-method> <!-- beforeTest -->
        <test-method signature="login()[pri:0, instance:com.Assignments.AS_28@4fb3ee4e]" started-at="2025-05-26T11:19:37 IST" name="login" finished-at="2025-05-26T11:19:49 IST" duration-ms="11734" status="PASS">
          <reporter-output>
          </reporter-output>
        </test-method> <!-- login -->
        <test-method is-config="true" signature="afterTest()[pri:0, instance:com.Assignments.AS_28@4fb3ee4e]" started-at="2025-05-26T11:19:49 IST" name="afterTest" finished-at="2025-05-26T11:19:50 IST" duration-ms="719" status="PASS">
          <reporter-output>
          </reporter-output>
        </test-method> <!-- afterTest -->
      </class> <!-- com.Assignments.AS_28 -->
    </test> <!-- Default test -->
  </suite> <!-- Default suite -->
</testng-results>
