<?xml version="1.0" encoding="UTF-8"?>
<!-- Generated by org.testng.reporters.JUnitXMLReporter -->
<testsuite ignored="0" hostname="DESKTOP-H41JRIE" failures="0" tests="6" name="Default test" time="1.148" errors="0" timestamp="2025-06-16T12:19:10 IST">
  <testcase classname="com.DataDriverUsingExcel_POI.CreateLoginData" name="setLoginData" time="0.047"/>
  <testcase classname="com.DataDriverUsingExcel_POI.CreateLoginData" name="setLoginData" time="0.006"/>
  <testcase classname="com.DataDriverUsingExcel_POI.CreateLoginData" name="setLoginData" time="0.014"/>
  <testcase classname="com.DataDriverUsingExcel_POI.CreateLoginData" name="setLoginData" time="0.007"/>
  <testcase classname="com.DataDriverUsingExcel_POI.CreateLoginData" name="setLoginData" time="0.011"/>
  <testcase classname="com.DataDriverUsingExcel_POI.CreateLoginData" name="setLoginData" time="0.006"/>
</testsuite> <!-- Default test -->
